<?xml version="1.0" encoding="UTF-8"?>
<!-- Generated by org.testng.reporters.JUnitReportReporter -->
<testsuite skipped="0" hostname="testusers-MacBook-Pro.local" name="autmationpjt.Amu.FullCheckoutTest" tests="1" failures="0" timestamp="2019-04-16T16:23:11 CEST" time="25.491" errors="0">
  <testcase name="Checkout" time="25.491" classname="autmationpjt.Amu.FullCheckoutTest"/>
</testsuite> <!-- autmationpjt.Amu.FullCheckoutTest -->
