<?xml version="1.0" encoding="UTF-8"?>
<!-- Generated by org.testng.reporters.JUnitReportReporter -->
<testsuite skipped="0" hostname="testusers-MacBook-Pro.local" name="automation.FullCheckoutTest" tests="1" failures="0" timestamp="2019-04-18T10:30:18 CEST" time="24.530" errors="0">
  <testcase name="Checkout" time="24.530" classname="automation.FullCheckoutTest"/>
</testsuite> <!-- automation.FullCheckoutTest -->
