<?xml version="1.0" encoding="UTF-8"?>
<!-- Generated by org.testng.reporters.JUnitReportReporter -->
<testsuite skipped="0" hostname="testusers-MacBook-Pro.local" name="automation.FullCheckoutTest" tests="1" failures="0" timestamp="2019-04-22T23:12:04 CEST" time="14.291" errors="0">
  <testcase name="Checkout" time="14.291" classname="automation.FullCheckoutTest"/>
</testsuite> <!-- automation.FullCheckoutTest -->
